#-----------------------------------------------------------
# Vivado v2018.2 (64-bit)
# SW Build 2258646 on Thu Jun 14 20:03:12 MDT 2018
# IP Build 2256618 on Thu Jun 14 22:10:49 MDT 2018
# Start of session at: Mon May 29 09:14:59 2023
# Process ID: 6300
# Current directory: D:/Projects/XlinixVivadoProjects/Lab 7
# Command line: vivado.exe -gui_launcher_event rodinguilauncherevent16248 D:\Projects\XlinixVivadoProjects\Lab 7\Lab7.xpr
# Log file: D:/Projects/XlinixVivadoProjects/Lab 7/vivado.log
# Journal file: D:/Projects/XlinixVivadoProjects/Lab 7\vivado.jou
#-----------------------------------------------------------
start_gui
open_project {D:/Projects/XlinixVivadoProjects/Lab 7/Lab7.xpr}
CRITICAL WARNING: [Project 1-19] Could not find the file 'D:/Projects/Downloads/AU.vhd'.
CRITICAL WARNING: [Project 1-19] Could not find the file 'D:/Projects/Downloads/FA.vhd'.
CRITICAL WARNING: [Project 1-19] Could not find the file 'D:/Projects/Downloads/HA.vhd'.
CRITICAL WARNING: [Project 1-19] Could not find the file 'D:/Projects/Downloads/RCA_4.vhd'.
CRITICAL WARNING: [Project 1-19] Could not find the file 'D:/Projects/Downloads/Reg.vhd'.
CRITICAL WARNING: [Project 1-19] Could not find the file 'D:/Projects/Downloads/Slow_Clk.vhd'.
Scanning sources...
Finished scanning sources
INFO: [IP_Flow 19-234] Refreshing IP repositories
INFO: [IP_Flow 19-1704] No user IP repositories specified
INFO: [IP_Flow 19-2313] Loaded Vivado IP repository 'D:/Apps/Xilinx/Vivado/2018.2/data/ip'.
open_project: Time (s): cpu = 00:00:08 ; elapsed = 00:00:18 . Memory (MB): peak = 784.355 ; gain = 118.219
update_compile_order -fileset sources_1
close_project
open_project D:/Projects/NanoProcessor/NanoProcessor.xpr
Scanning sources...
Finished scanning sources
INFO: [IP_Flow 19-234] Refreshing IP repositories
INFO: [IP_Flow 19-1704] No user IP repositories specified
INFO: [IP_Flow 19-2313] Loaded Vivado IP repository 'D:/Apps/Xilinx/Vivado/2018.2/data/ip'.
update_compile_order -fileset sources_1
close [ open D:/Projects/NanoProcessor/NanoProcessor.srcs/sources_1/new/ROM_8.vhd w ]
add_files D:/Projects/NanoProcessor/NanoProcessor.srcs/sources_1/new/ROM_8.vhd
update_compile_order -fileset sources_1
exit
INFO: [Common 17-206] Exiting Vivado at Mon May 29 10:12:13 2023...
