Vivado Simulator 2018.2
Copyright 1986-1999, 2001-2018 Xilinx, Inc. All Rights Reserved.
Running: D:/Apps/Xilinx/Vivado/2018.2/bin/unwrapped/win64.o/xelab.exe -wto aa676ab31c95472dbfa5b00fadf88cef --incr --debug typical --relax --mt 2 -L xil_defaultlib -L secureip --snapshot AU_7_seg_Sim_behav xil_defaultlib.AU_7_seg_Sim -log elaborate.log 
Using 2 slave threads.
Starting static elaboration
Completed static elaboration
Starting simulation data flow analysis
Completed simulation data flow analysis
Time Resolution for simulation is 1ps
Compiling package std.standard
Compiling package std.textio
Compiling package ieee.std_logic_1164
Compiling package ieee.numeric_std
Compiling architecture behavioral of entity xil_defaultlib.Slow_Clk [slow_clk_default]
Compiling architecture behavioral of entity xil_defaultlib.Reg [reg_default]
Compiling architecture behavioral of entity xil_defaultlib.HA [ha_default]
Compiling architecture behavioral of entity xil_defaultlib.FA [fa_default]
Compiling architecture behavioral of entity xil_defaultlib.RCA_4 [rca_4_default]
Compiling architecture behavioral of entity xil_defaultlib.AU [au_default]
Compiling architecture behavioral of entity xil_defaultlib.LUT_16_7 [lut_16_7_default]
Compiling architecture behavioral of entity xil_defaultlib.AU_7_seg [au_7_seg_default]
Compiling architecture behavioral of entity xil_defaultlib.au_7_seg_sim
Built simulation snapshot AU_7_seg_Sim_behav
